<?xml version="1.0" encoding="UTF-8"?>
<!-- Generated by org.testng.reporters.JUnitXMLReporter -->
<testsuite ignored="0" hostname="DESKTOP-QVVDLSQ" failures="0" tests="10" name="MotorCycle-PracticalPage-HF100" time="111.926" errors="0" timestamp="2023-07-21T17:49:53 IST">
  <testcase classname="motorcycleModule.Practical_ProductPage_HF100" name="Motorcycles_practicalPage_HF100" time="2.628"/>
  <testcase classname="motorcycleModule.Practical_ProductPage_HF100" name="TC019_HF100_Overview" time="10.943"/>
  <testcase classname="motorcycleModule.Practical_ProductPage_HF100" name="TC021_HF100_Features_BookATest_Ride" time="5.372"/>
  <testcase classname="motorcycleModule.Practical_ProductPage_HF100" name="TC022__HF100_Specification" time="7.196"/>
  <testcase classname="motorcycleModule.Practical_ProductPage_HF100" name="TC023_HF100Price" time="15.144"/>
  <testcase classname="motorcycleModule.Practical_ProductPage_HF100" name="TC024_HF100_Compare" time="1.05"/>
  <testcase classname="motorcycleModule.Practical_ProductPage_HF100" name="TC025__Find_A_Dealer" time="17.618"/>
  <testcase classname="motorcycleModule.Practical_ProductPage_HF100" name="TC026_HF100_Exchange" time="18.367"/>
  <testcase classname="motorcycleModule.Practical_ProductPage_HF100" name="TC027_HF100_Calculate_EMI" time="13.181"/>
  <testcase classname="motorcycleModule.Practical_ProductPage_HF100" name="TC_028_HFDeluxe_Colours_And_VirtualView" time="11.987"/>
</testsuite> <!-- MotorCycle-PracticalPage-HF100 -->
