<?xml version="1.0" encoding="UTF-8"?>
<!-- Generated by org.testng.reporters.JUnitXMLReporter -->
<testsuite ignored="0" hostname="DESKTOP-QVVDLSQ" failures="0" tests="10" name="MotorCycle-Exe-GlamourCan" time="231.671" errors="0" timestamp="2023-07-04T15:31:07 IST">
  <testcase classname="motorcycleModule.Executive_ProductPage_GlamourCanvas" name="Executive_productPage_GlamourCanvas" time="2.491"/>
  <testcase classname="motorcycleModule.Executive_ProductPage_GlamourCanvas" name="TC_082_GlamourCanvas_RequestCallback" time="16.543"/>
  <testcase classname="motorcycleModule.Executive_ProductPage_GlamourCanvas" name="TC_078_GlamourCanvas_Specification" time="16.167"/>
  <testcase classname="motorcycleModule.Executive_ProductPage_GlamourCanvas" name="TC_079_GlamourCanvas_Price" time="94.519"/>
  <testcase classname="motorcycleModule.Executive_ProductPage_GlamourCanvas" name="TC_080_GlamourCanvas_Compare" time="27.667"/>
  <testcase classname="motorcycleModule.Executive_ProductPage_GlamourCanvas" name="TC_081_GlamourCanvas_Find_A_Dealer" time="22.354"/>
  <testcase classname="motorcycleModule.Executive_ProductPage_GlamourCanvas" name="TC_077_GlamourCanvas_Features" time="2.265"/>
  <testcase classname="motorcycleModule.Executive_ProductPage_GlamourCanvas" name="TC_083_GlamourCanvas_Colours_360View" time="23.048"/>
  <testcase classname="motorcycleModule.Executive_ProductPage_GlamourCanvas" name="TC_084_EXE_GlamourCanvas_Book_A_Test_Ride" time="4.981"/>
  <testcase classname="motorcycleModule.Executive_ProductPage_GlamourCanvas" name="TC_085_EXE_GlamourCanvas_EshopLinks" time="12.505"/>
</testsuite> <!-- MotorCycle-Exe-GlamourCan -->
